OPENSSL_CONF=/home/jaruga/var/git/report-openssl-fips-read-error/openssl_fips.cnf \
OPENSSL_CONF_INCLUDE=/home/jaruga/.local/openssl-3.2.0.dev-fips-debug-06a0d40322/ssl \
OPENSSL_MODULES=/home/jaruga/.local/openssl-3.2.0.dev-fips-debug-06a0d40322/lib/ossl-modules \
./reproducer key.pem
Trace enabled: 1
[DEBUG] Loaded providers:
  fips
  base
[DEBUG] FIPS mode enabled: 1
[DEBUG] data_size: 3272
(ctx 0x12f7d80) Looking for <NULL> decoders with selection 0
    input type: DER, input structure: <NULL>
(ctx 0x12f7d80) Looking for decoders producing keys of any type from DER
(ctx 0x12f7d80) Checking out decoder 0x130e050:
    RSA with provider=base,fips=yes,input=der,structure=PrivateKeyInfo
(ctx 0x12f7d80) Checking out decoder 0x130e050:
    RSA with provider=base,fips=yes,input=der,structure=PrivateKeyInfo
(ctx 0x12f7d80) Added decoder instance 0x1306fd0 for decoder 0x130e050
    RSA with provider=base,fips=yes,input=der,structure=PrivateKeyInfo
(ctx 0x12f7d80) Checking out decoder 0x130e290:
    RSA with provider=base,fips=yes,input=der,structure=SubjectPublicKeyInfo
(ctx 0x12f7d80) Checking out decoder 0x130e290:
    RSA with provider=base,fips=yes,input=der,structure=SubjectPublicKeyInfo
(ctx 0x12f7d80) Added decoder instance 0x130f4d0 for decoder 0x130e290
    RSA with provider=base,fips=yes,input=der,structure=SubjectPublicKeyInfo
(ctx 0x12f7d80) Checking out decoder 0x130e420:
    RSA with provider=base,fips=yes,input=der,structure=type-specific
(ctx 0x12f7d80) Checking out decoder 0x130e420:
    RSA with provider=base,fips=yes,input=der,structure=type-specific
(ctx 0x12f7d80) Added decoder instance 0x130f5e0 for decoder 0x130e420
    RSA with provider=base,fips=yes,input=der,structure=type-specific
(ctx 0x12f7d80) Checking out decoder 0x130e560:
    RSA with provider=base,fips=yes,input=der,structure=rsa
(ctx 0x12f7d80) Checking out decoder 0x130e560:
    RSA with provider=base,fips=yes,input=der,structure=rsa
(ctx 0x12f7d80) Added decoder instance 0x130f630 for decoder 0x130e560
    RSA with provider=base,fips=yes,input=der,structure=rsa
(ctx 0x12f7d80) Checking out decoder 0x130ebe0:
    RSA with provider=base,fips=yes,input=msblob
(ctx 0x12f7d80) Checking out decoder 0x130ebe0:
    RSA with provider=base,fips=yes,input=msblob
(ctx 0x12f7d80) Added decoder instance 0x130f680 for decoder 0x130ebe0
    RSA with provider=base,fips=yes,input=msblob
(ctx 0x12f7d80) Checking out decoder 0x130ed30:
    RSA with provider=base,fips=yes,input=pvk
(ctx 0x12f7d80) Checking out decoder 0x130ed30:
    RSA with provider=base,fips=yes,input=pvk
(ctx 0x12f7d80) Added decoder instance 0x130f2a0 for decoder 0x130ed30
    RSA with provider=base,fips=yes,input=pvk
(ctx 0x12f7d80) Checking out decoder 0x130a430:
    DH with provider=base,fips=yes,input=der,structure=PrivateKeyInfo
(ctx 0x12f7d80) Checking out decoder 0x130a430:
    DH with provider=base,fips=yes,input=der,structure=PrivateKeyInfo
(ctx 0x12f7d80) Added decoder instance 0x130f730 for decoder 0x130a430
    DH with provider=base,fips=yes,input=der,structure=PrivateKeyInfo
(ctx 0x12f7d80) Checking out decoder 0x130a930:
    DH with provider=base,fips=yes,input=der,structure=SubjectPublicKeyInfo
(ctx 0x12f7d80) Checking out decoder 0x130a930:
    DH with provider=base,fips=yes,input=der,structure=SubjectPublicKeyInfo
(ctx 0x12f7d80) Added decoder instance 0x130f7d0 for decoder 0x130a930
    DH with provider=base,fips=yes,input=der,structure=SubjectPublicKeyInfo
(ctx 0x12f7d80) Checking out decoder 0x130ab40:
    DH with provider=base,fips=yes,input=der,structure=type-specific
(ctx 0x12f7d80) Checking out decoder 0x130ab40:
    DH with provider=base,fips=yes,input=der,structure=type-specific
(ctx 0x12f7d80) Added decoder instance 0x130f820 for decoder 0x130ab40
    DH with provider=base,fips=yes,input=der,structure=type-specific
(ctx 0x12f7d80) Checking out decoder 0x130ac80:
    DH with provider=base,fips=yes,input=der,structure=dh
(ctx 0x12f7d80) Checking out decoder 0x130ac80:
    DH with provider=base,fips=yes,input=der,structure=dh
(ctx 0x12f7d80) Added decoder instance 0x130f870 for decoder 0x130ac80
    DH with provider=base,fips=yes,input=der,structure=dh
(ctx 0x12f7d80) Checking out decoder 0x130b690:
    DSA with provider=base,fips=yes,input=der,structure=PrivateKeyInfo
(ctx 0x12f7d80) Checking out decoder 0x130b690:
    DSA with provider=base,fips=yes,input=der,structure=PrivateKeyInfo
(ctx 0x12f7d80) Added decoder instance 0x130f940 for decoder 0x130b690
    DSA with provider=base,fips=yes,input=der,structure=PrivateKeyInfo
(ctx 0x12f7d80) Checking out decoder 0x130b8d0:
    DSA with provider=base,fips=yes,input=der,structure=SubjectPublicKeyInfo
(ctx 0x12f7d80) Checking out decoder 0x130b8d0:
    DSA with provider=base,fips=yes,input=der,structure=SubjectPublicKeyInfo
(ctx 0x12f7d80) Added decoder instance 0x130f990 for decoder 0x130b8d0
    DSA with provider=base,fips=yes,input=der,structure=SubjectPublicKeyInfo
(ctx 0x12f7d80) Checking out decoder 0x130ba60:
    DSA with provider=base,fips=yes,input=der,structure=type-specific
(ctx 0x12f7d80) Checking out decoder 0x130ba60:
    DSA with provider=base,fips=yes,input=der,structure=type-specific
(ctx 0x12f7d80) Added decoder instance 0x130f9e0 for decoder 0x130ba60
    DSA with provider=base,fips=yes,input=der,structure=type-specific
(ctx 0x12f7d80) Checking out decoder 0x130bba0:
    DSA with provider=base,fips=yes,input=der,structure=dsa
(ctx 0x12f7d80) Checking out decoder 0x130bba0:
    DSA with provider=base,fips=yes,input=der,structure=dsa
(ctx 0x12f7d80) Added decoder instance 0x130fa30 for decoder 0x130bba0
    DSA with provider=base,fips=yes,input=der,structure=dsa
(ctx 0x12f7d80) Checking out decoder 0x130be10:
    DSA with provider=base,fips=yes,input=msblob
(ctx 0x12f7d80) Checking out decoder 0x130be10:
    DSA with provider=base,fips=yes,input=msblob
(ctx 0x12f7d80) Added decoder instance 0x130fa80 for decoder 0x130be10
    DSA with provider=base,fips=yes,input=msblob
(ctx 0x12f7d80) Checking out decoder 0x130bfb0:
    DSA with provider=base,fips=yes,input=pvk
(ctx 0x12f7d80) Checking out decoder 0x130bfb0:
    DSA with provider=base,fips=yes,input=pvk
(ctx 0x12f7d80) Added decoder instance 0x130fb90 for decoder 0x130bfb0
    DSA with provider=base,fips=yes,input=pvk
(ctx 0x12f7d80) Checking out decoder 0x130c0b0:
    EC with provider=base,fips=yes,input=der,structure=PrivateKeyInfo
(ctx 0x12f7d80) Checking out decoder 0x130c0b0:
    EC with provider=base,fips=yes,input=der,structure=PrivateKeyInfo
(ctx 0x12f7d80) Added decoder instance 0x130fbe0 for decoder 0x130c0b0
    EC with provider=base,fips=yes,input=der,structure=PrivateKeyInfo
(ctx 0x12f7d80) Checking out decoder 0x130c310:
    EC with provider=base,fips=yes,input=der,structure=SubjectPublicKeyInfo
(ctx 0x12f7d80) Checking out decoder 0x130c310:
    EC with provider=base,fips=yes,input=der,structure=SubjectPublicKeyInfo
(ctx 0x12f7d80) Added decoder instance 0x130fc30 for decoder 0x130c310
    EC with provider=base,fips=yes,input=der,structure=SubjectPublicKeyInfo
(ctx 0x12f7d80) Checking out decoder 0x130c4a0:
    EC with provider=base,fips=yes,input=der,structure=type-specific
(ctx 0x12f7d80) Checking out decoder 0x130c4a0:
    EC with provider=base,fips=yes,input=der,structure=type-specific
(ctx 0x12f7d80) Added decoder instance 0x130fc80 for decoder 0x130c4a0
    EC with provider=base,fips=yes,input=der,structure=type-specific
(ctx 0x12f7d80) Checking out decoder 0x130c5e0:
    EC with provider=base,fips=yes,input=der,structure=ec
(ctx 0x12f7d80) Checking out decoder 0x130c5e0:
    EC with provider=base,fips=yes,input=der,structure=ec
(ctx 0x12f7d80) Added decoder instance 0x130fcd0 for decoder 0x130c5e0
    EC with provider=base,fips=yes,input=der,structure=ec
(ctx 0x12f7d80) Checking out decoder 0x130b4e0:
    RSA-PSS with provider=base,fips=yes,input=der,structure=PrivateKeyInfo
(ctx 0x12f7d80) Checking out decoder 0x130b4e0:
    RSA-PSS with provider=base,fips=yes,input=der,structure=PrivateKeyInfo
(ctx 0x12f7d80) Added decoder instance 0x130fd20 for decoder 0x130b4e0
    RSA-PSS with provider=base,fips=yes,input=der,structure=PrivateKeyInfo
(ctx 0x12f7d80) Checking out decoder 0x130ea50:
    RSA-PSS with provider=base,fips=yes,input=der,structure=SubjectPublicKeyInfo
(ctx 0x12f7d80) Checking out decoder 0x130ea50:
    RSA-PSS with provider=base,fips=yes,input=der,structure=SubjectPublicKeyInfo
(ctx 0x12f7d80) Added decoder instance 0x130fd70 for decoder 0x130ea50
    RSA-PSS with provider=base,fips=yes,input=der,structure=SubjectPublicKeyInfo
(ctx 0x12f7d80) Checking out decoder 0x130aee0:
    DHX with provider=base,fips=yes,input=der,structure=PrivateKeyInfo
(ctx 0x12f7d80) Checking out decoder 0x130aee0:
    DHX with provider=base,fips=yes,input=der,structure=PrivateKeyInfo
(ctx 0x12f7d80) Added decoder instance 0x130fdc0 for decoder 0x130aee0
    DHX with provider=base,fips=yes,input=der,structure=PrivateKeyInfo
(ctx 0x12f7d80) Checking out decoder 0x130b120:
    DHX with provider=base,fips=yes,input=der,structure=SubjectPublicKeyInfo
(ctx 0x12f7d80) Checking out decoder 0x130b120:
    DHX with provider=base,fips=yes,input=der,structure=SubjectPublicKeyInfo
(ctx 0x12f7d80) Added decoder instance 0x130ff30 for decoder 0x130b120
    DHX with provider=base,fips=yes,input=der,structure=SubjectPublicKeyInfo
(ctx 0x12f7d80) Checking out decoder 0x130b2b0:
    DHX with provider=base,fips=yes,input=der,structure=type-specific
(ctx 0x12f7d80) Checking out decoder 0x130b2b0:
    DHX with provider=base,fips=yes,input=der,structure=type-specific
(ctx 0x12f7d80) Added decoder instance 0x130ff80 for decoder 0x130b2b0
    DHX with provider=base,fips=yes,input=der,structure=type-specific
(ctx 0x12f7d80) Checking out decoder 0x130b3f0:
    DHX with provider=base,fips=yes,input=der,structure=dhx
(ctx 0x12f7d80) Checking out decoder 0x130b3f0:
    DHX with provider=base,fips=yes,input=der,structure=dhx
(ctx 0x12f7d80) Added decoder instance 0x130ffd0 for decoder 0x130b3f0
    DHX with provider=base,fips=yes,input=der,structure=dhx
(ctx 0x12f7d80) Checking out decoder 0x130d090:
    X25519 with provider=base,fips=yes,input=der,structure=PrivateKeyInfo
(ctx 0x12f7d80) Checking out decoder 0x130d090:
    X25519 with provider=base,fips=yes,input=der,structure=PrivateKeyInfo
(ctx 0x12f7d80) Added decoder instance 0x1310020 for decoder 0x130d090
    X25519 with provider=base,fips=yes,input=der,structure=PrivateKeyInfo
(ctx 0x12f7d80) Checking out decoder 0x130d2e0:
    X25519 with provider=base,fips=yes,input=der,structure=SubjectPublicKeyInfo
(ctx 0x12f7d80) Checking out decoder 0x130d2e0:
    X25519 with provider=base,fips=yes,input=der,structure=SubjectPublicKeyInfo
(ctx 0x12f7d80) Added decoder instance 0x1310070 for decoder 0x130d2e0
    X25519 with provider=base,fips=yes,input=der,structure=SubjectPublicKeyInfo
(ctx 0x12f7d80) Checking out decoder 0x130d470:
    X448 with provider=base,fips=yes,input=der,structure=PrivateKeyInfo
(ctx 0x12f7d80) Checking out decoder 0x130d470:
    X448 with provider=base,fips=yes,input=der,structure=PrivateKeyInfo
(ctx 0x12f7d80) Added decoder instance 0x13100c0 for decoder 0x130d470
    X448 with provider=base,fips=yes,input=der,structure=PrivateKeyInfo
(ctx 0x12f7d80) Checking out decoder 0x130d6c0:
    X448 with provider=base,fips=yes,input=der,structure=SubjectPublicKeyInfo
(ctx 0x12f7d80) Checking out decoder 0x130d6c0:
    X448 with provider=base,fips=yes,input=der,structure=SubjectPublicKeyInfo
(ctx 0x12f7d80) Added decoder instance 0x1310110 for decoder 0x130d6c0
    X448 with provider=base,fips=yes,input=der,structure=SubjectPublicKeyInfo
(ctx 0x12f7d80) Checking out decoder 0x130c850:
    ED25519 with provider=base,fips=yes,input=der,structure=PrivateKeyInfo
(ctx 0x12f7d80) Checking out decoder 0x130c850:
    ED25519 with provider=base,fips=yes,input=der,structure=PrivateKeyInfo
(ctx 0x12f7d80) Added decoder instance 0x1310160 for decoder 0x130c850
    ED25519 with provider=base,fips=yes,input=der,structure=PrivateKeyInfo
(ctx 0x12f7d80) Checking out decoder 0x130cb20:
    ED25519 with provider=base,fips=yes,input=der,structure=SubjectPublicKeyInfo
(ctx 0x12f7d80) Checking out decoder 0x130cb20:
    ED25519 with provider=base,fips=yes,input=der,structure=SubjectPublicKeyInfo
(ctx 0x12f7d80) Added decoder instance 0x13101b0 for decoder 0x130cb20
    ED25519 with provider=base,fips=yes,input=der,structure=SubjectPublicKeyInfo
(ctx 0x12f7d80) Checking out decoder 0x130ccb0:
    ED448 with provider=base,fips=yes,input=der,structure=PrivateKeyInfo
(ctx 0x12f7d80) Checking out decoder 0x130ccb0:
    ED448 with provider=base,fips=yes,input=der,structure=PrivateKeyInfo
(ctx 0x12f7d80) Added decoder instance 0x1310200 for decoder 0x130ccb0
    ED448 with provider=base,fips=yes,input=der,structure=PrivateKeyInfo
(ctx 0x12f7d80) Checking out decoder 0x130cf00:
    ED448 with provider=base,fips=yes,input=der,structure=SubjectPublicKeyInfo
(ctx 0x12f7d80) Checking out decoder 0x130cf00:
    ED448 with provider=base,fips=yes,input=der,structure=SubjectPublicKeyInfo
(ctx 0x12f7d80) Added decoder instance 0x1310250 for decoder 0x130cf00
    ED448 with provider=base,fips=yes,input=der,structure=SubjectPublicKeyInfo
(ctx 0x12f7d80) Checking out decoder 0x130d850:
    SM2 with provider=base,fips=no,input=der,structure=PrivateKeyInfo
(ctx 0x12f7d80) Checking out decoder 0x130db70:
    SM2 with provider=base,fips=no,input=der,structure=SubjectPublicKeyInfo
(ctx 0x12f7d80) Checking out decoder 0x130de20:
    SM2 with provider=base,fips=no,input=der,structure=type-specific
(ctx 0x12f7d80) Checking out decoder 0x130ee50:
    DER with provider=base,fips=yes,input=der,structure=SubjectPublicKeyInfo
(ctx 0x12f7d80) Checking out decoder 0x130f100:
    DER with provider=base,fips=yes,input=pem
(ctx 0x12f7d80) Checking out decoder 0x130f330:
    DER with provider=base,fips=yes,input=der,structure=EncryptedPrivateKeyInfo
(ctx 0x12f7d80) Got 34 decoders producing keys
(ctx 0x12f7d80) Looking for extra decoders
(ctx 0x12f7d80) [0] Checking out decoder 0x130ee50:
    DER with provider=base,fips=yes,input=der,structure=SubjectPublicKeyInfo
(ctx 0x12f7d80) Added decoder instance 0x13102b0 for decoder 0x130ee50
    DER with provider=base,fips=yes,input=der,structure=SubjectPublicKeyInfo
(ctx 0x12f7d80) [0] Checking out decoder 0x130f100:
    DER with provider=base,fips=yes,input=pem
    REJECTED: input type doesn't match output type
(ctx 0x12f7d80) [0] Checking out decoder 0x130f330:
    DER with provider=base,fips=yes,input=der,structure=EncryptedPrivateKeyInfo
(ctx 0x12f7d80) Added decoder instance 0x13102e0 for decoder 0x130f330
    DER with provider=base,fips=yes,input=der,structure=EncryptedPrivateKeyInfo
(ctx 0x12f7d80) [0] Checking out decoder 0x130ee50:
    DER with provider=base,fips=yes,input=der,structure=SubjectPublicKeyInfo
    REJECTED: already exists in the chain
(ctx 0x12f7d80) [0] Checking out decoder 0x130f100:
    DER with provider=base,fips=yes,input=pem
    REJECTED: input type doesn't match output type
(ctx 0x12f7d80) [0] Checking out decoder 0x130f330:
    DER with provider=base,fips=yes,input=der,structure=EncryptedPrivateKeyInfo
    REJECTED: already exists in the chain
(ctx 0x12f7d80) [0] Checking out decoder 0x130ee50:
    DER with provider=base,fips=yes,input=der,structure=SubjectPublicKeyInfo
    REJECTED: already exists in the chain
(ctx 0x12f7d80) [0] Checking out decoder 0x130f100:
    DER with provider=base,fips=yes,input=pem
    REJECTED: input type doesn't match output type
(ctx 0x12f7d80) [0] Checking out decoder 0x130f330:
    DER with provider=base,fips=yes,input=der,structure=EncryptedPrivateKeyInfo
    REJECTED: already exists in the chain
(ctx 0x12f7d80) [0] Checking out decoder 0x130ee50:
    DER with provider=base,fips=yes,input=der,structure=SubjectPublicKeyInfo
    REJECTED: already exists in the chain
(ctx 0x12f7d80) [0] Checking out decoder 0x130f100:
    DER with provider=base,fips=yes,input=pem
    REJECTED: input type doesn't match output type
(ctx 0x12f7d80) [0] Checking out decoder 0x130f330:
    DER with provider=base,fips=yes,input=der,structure=EncryptedPrivateKeyInfo
    REJECTED: already exists in the chain
(ctx 0x12f7d80) [0] Checking out decoder 0x130ee50:
    DER with provider=base,fips=yes,input=der,structure=SubjectPublicKeyInfo
    REJECTED: already exists in the chain
(ctx 0x12f7d80) [0] Checking out decoder 0x130f100:
    DER with provider=base,fips=yes,input=pem
    REJECTED: input type doesn't match output type
(ctx 0x12f7d80) [0] Checking out decoder 0x130f330:
    DER with provider=base,fips=yes,input=der,structure=EncryptedPrivateKeyInfo
    REJECTED: already exists in the chain
(ctx 0x12f7d80) [0] Checking out decoder 0x130ee50:
    DER with provider=base,fips=yes,input=der,structure=SubjectPublicKeyInfo
    REJECTED: already exists in the chain
(ctx 0x12f7d80) [0] Checking out decoder 0x130f100:
    DER with provider=base,fips=yes,input=pem
    REJECTED: input type doesn't match output type
(ctx 0x12f7d80) [0] Checking out decoder 0x130f330:
    DER with provider=base,fips=yes,input=der,structure=EncryptedPrivateKeyInfo
    REJECTED: already exists in the chain
(ctx 0x12f7d80) [0] Checking out decoder 0x130ee50:
    DER with provider=base,fips=yes,input=der,structure=SubjectPublicKeyInfo
    REJECTED: already exists in the chain
(ctx 0x12f7d80) [0] Checking out decoder 0x130f100:
    DER with provider=base,fips=yes,input=pem
    REJECTED: input type doesn't match output type
(ctx 0x12f7d80) [0] Checking out decoder 0x130f330:
    DER with provider=base,fips=yes,input=der,structure=EncryptedPrivateKeyInfo
    REJECTED: already exists in the chain
(ctx 0x12f7d80) [0] Checking out decoder 0x130ee50:
    DER with provider=base,fips=yes,input=der,structure=SubjectPublicKeyInfo
    REJECTED: already exists in the chain
(ctx 0x12f7d80) [0] Checking out decoder 0x130f100:
    DER with provider=base,fips=yes,input=pem
    REJECTED: input type doesn't match output type
(ctx 0x12f7d80) [0] Checking out decoder 0x130f330:
    DER with provider=base,fips=yes,input=der,structure=EncryptedPrivateKeyInfo
    REJECTED: already exists in the chain
(ctx 0x12f7d80) [0] Checking out decoder 0x130ee50:
    DER with provider=base,fips=yes,input=der,structure=SubjectPublicKeyInfo
    REJECTED: already exists in the chain
(ctx 0x12f7d80) [0] Checking out decoder 0x130f100:
    DER with provider=base,fips=yes,input=pem
    REJECTED: input type doesn't match output type
(ctx 0x12f7d80) [0] Checking out decoder 0x130f330:
    DER with provider=base,fips=yes,input=der,structure=EncryptedPrivateKeyInfo
    REJECTED: already exists in the chain
(ctx 0x12f7d80) [0] Checking out decoder 0x130ee50:
    DER with provider=base,fips=yes,input=der,structure=SubjectPublicKeyInfo
    REJECTED: already exists in the chain
(ctx 0x12f7d80) [0] Checking out decoder 0x130f100:
    DER with provider=base,fips=yes,input=pem
    REJECTED: input type doesn't match output type
(ctx 0x12f7d80) [0] Checking out decoder 0x130f330:
    DER with provider=base,fips=yes,input=der,structure=EncryptedPrivateKeyInfo
    REJECTED: already exists in the chain
(ctx 0x12f7d80) [0] Checking out decoder 0x130ee50:
    DER with provider=base,fips=yes,input=der,structure=SubjectPublicKeyInfo
    REJECTED: already exists in the chain
(ctx 0x12f7d80) [0] Checking out decoder 0x130f100:
    DER with provider=base,fips=yes,input=pem
    REJECTED: input type doesn't match output type
(ctx 0x12f7d80) [0] Checking out decoder 0x130f330:
    DER with provider=base,fips=yes,input=der,structure=EncryptedPrivateKeyInfo
    REJECTED: already exists in the chain
(ctx 0x12f7d80) [0] Checking out decoder 0x130ee50:
    DER with provider=base,fips=yes,input=der,structure=SubjectPublicKeyInfo
    REJECTED: already exists in the chain
(ctx 0x12f7d80) [0] Checking out decoder 0x130f100:
    DER with provider=base,fips=yes,input=pem
    REJECTED: input type doesn't match output type
(ctx 0x12f7d80) [0] Checking out decoder 0x130f330:
    DER with provider=base,fips=yes,input=der,structure=EncryptedPrivateKeyInfo
    REJECTED: already exists in the chain
(ctx 0x12f7d80) [0] Checking out decoder 0x130ee50:
    DER with provider=base,fips=yes,input=der,structure=SubjectPublicKeyInfo
    REJECTED: already exists in the chain
(ctx 0x12f7d80) [0] Checking out decoder 0x130f100:
    DER with provider=base,fips=yes,input=pem
    REJECTED: input type doesn't match output type
(ctx 0x12f7d80) [0] Checking out decoder 0x130f330:
    DER with provider=base,fips=yes,input=der,structure=EncryptedPrivateKeyInfo
    REJECTED: already exists in the chain
(ctx 0x12f7d80) [0] Checking out decoder 0x130ee50:
    DER with provider=base,fips=yes,input=der,structure=SubjectPublicKeyInfo
    REJECTED: already exists in the chain
(ctx 0x12f7d80) [0] Checking out decoder 0x130f100:
    DER with provider=base,fips=yes,input=pem
    REJECTED: input type doesn't match output type
(ctx 0x12f7d80) [0] Checking out decoder 0x130f330:
    DER with provider=base,fips=yes,input=der,structure=EncryptedPrivateKeyInfo
    REJECTED: already exists in the chain
(ctx 0x12f7d80) [0] Checking out decoder 0x130ee50:
    DER with provider=base,fips=yes,input=der,structure=SubjectPublicKeyInfo
    REJECTED: already exists in the chain
(ctx 0x12f7d80) [0] Checking out decoder 0x130f100:
    DER with provider=base,fips=yes,input=pem
    REJECTED: input type doesn't match output type
(ctx 0x12f7d80) [0] Checking out decoder 0x130f330:
    DER with provider=base,fips=yes,input=der,structure=EncryptedPrivateKeyInfo
    REJECTED: already exists in the chain
(ctx 0x12f7d80) [0] Checking out decoder 0x130ee50:
    DER with provider=base,fips=yes,input=der,structure=SubjectPublicKeyInfo
    REJECTED: already exists in the chain
(ctx 0x12f7d80) [0] Checking out decoder 0x130f100:
    DER with provider=base,fips=yes,input=pem
    REJECTED: input type doesn't match output type
(ctx 0x12f7d80) [0] Checking out decoder 0x130f330:
    DER with provider=base,fips=yes,input=der,structure=EncryptedPrivateKeyInfo
    REJECTED: already exists in the chain
(ctx 0x12f7d80) [0] Checking out decoder 0x130ee50:
    DER with provider=base,fips=yes,input=der,structure=SubjectPublicKeyInfo
    REJECTED: already exists in the chain
(ctx 0x12f7d80) [0] Checking out decoder 0x130f100:
    DER with provider=base,fips=yes,input=pem
    REJECTED: input type doesn't match output type
(ctx 0x12f7d80) [0] Checking out decoder 0x130f330:
    DER with provider=base,fips=yes,input=der,structure=EncryptedPrivateKeyInfo
    REJECTED: already exists in the chain
(ctx 0x12f7d80) [0] Checking out decoder 0x130ee50:
    DER with provider=base,fips=yes,input=der,structure=SubjectPublicKeyInfo
    REJECTED: already exists in the chain
(ctx 0x12f7d80) [0] Checking out decoder 0x130f100:
    DER with provider=base,fips=yes,input=pem
    REJECTED: input type doesn't match output type
(ctx 0x12f7d80) [0] Checking out decoder 0x130f330:
    DER with provider=base,fips=yes,input=der,structure=EncryptedPrivateKeyInfo
    REJECTED: already exists in the chain
(ctx 0x12f7d80) [0] Checking out decoder 0x130ee50:
    DER with provider=base,fips=yes,input=der,structure=SubjectPublicKeyInfo
    REJECTED: already exists in the chain
(ctx 0x12f7d80) [0] Checking out decoder 0x130f100:
    DER with provider=base,fips=yes,input=pem
    REJECTED: input type doesn't match output type
(ctx 0x12f7d80) [0] Checking out decoder 0x130f330:
    DER with provider=base,fips=yes,input=der,structure=EncryptedPrivateKeyInfo
    REJECTED: already exists in the chain
(ctx 0x12f7d80) [0] Checking out decoder 0x130ee50:
    DER with provider=base,fips=yes,input=der,structure=SubjectPublicKeyInfo
    REJECTED: already exists in the chain
(ctx 0x12f7d80) [0] Checking out decoder 0x130f100:
    DER with provider=base,fips=yes,input=pem
    REJECTED: input type doesn't match output type
(ctx 0x12f7d80) [0] Checking out decoder 0x130f330:
    DER with provider=base,fips=yes,input=der,structure=EncryptedPrivateKeyInfo
    REJECTED: already exists in the chain
(ctx 0x12f7d80) [0] Checking out decoder 0x130ee50:
    DER with provider=base,fips=yes,input=der,structure=SubjectPublicKeyInfo
    REJECTED: already exists in the chain
(ctx 0x12f7d80) [0] Checking out decoder 0x130f100:
    DER with provider=base,fips=yes,input=pem
    REJECTED: input type doesn't match output type
(ctx 0x12f7d80) [0] Checking out decoder 0x130f330:
    DER with provider=base,fips=yes,input=der,structure=EncryptedPrivateKeyInfo
    REJECTED: already exists in the chain
(ctx 0x12f7d80) [0] Checking out decoder 0x130ee50:
    DER with provider=base,fips=yes,input=der,structure=SubjectPublicKeyInfo
    REJECTED: already exists in the chain
(ctx 0x12f7d80) [0] Checking out decoder 0x130f100:
    DER with provider=base,fips=yes,input=pem
    REJECTED: input type doesn't match output type
(ctx 0x12f7d80) [0] Checking out decoder 0x130f330:
    DER with provider=base,fips=yes,input=der,structure=EncryptedPrivateKeyInfo
    REJECTED: already exists in the chain
(ctx 0x12f7d80) [0] Checking out decoder 0x130ee50:
    DER with provider=base,fips=yes,input=der,structure=SubjectPublicKeyInfo
    REJECTED: already exists in the chain
(ctx 0x12f7d80) [0] Checking out decoder 0x130f100:
    DER with provider=base,fips=yes,input=pem
    REJECTED: input type doesn't match output type
(ctx 0x12f7d80) [0] Checking out decoder 0x130f330:
    DER with provider=base,fips=yes,input=der,structure=EncryptedPrivateKeyInfo
    REJECTED: already exists in the chain
(ctx 0x12f7d80) [0] Checking out decoder 0x130ee50:
    DER with provider=base,fips=yes,input=der,structure=SubjectPublicKeyInfo
    REJECTED: already exists in the chain
(ctx 0x12f7d80) [0] Checking out decoder 0x130f100:
    DER with provider=base,fips=yes,input=pem
    REJECTED: input type doesn't match output type
(ctx 0x12f7d80) [0] Checking out decoder 0x130f330:
    DER with provider=base,fips=yes,input=der,structure=EncryptedPrivateKeyInfo
    REJECTED: already exists in the chain
(ctx 0x12f7d80) [0] Checking out decoder 0x130ee50:
    DER with provider=base,fips=yes,input=der,structure=SubjectPublicKeyInfo
    REJECTED: already exists in the chain
(ctx 0x12f7d80) [0] Checking out decoder 0x130f100:
    DER with provider=base,fips=yes,input=pem
    REJECTED: input type doesn't match output type
(ctx 0x12f7d80) [0] Checking out decoder 0x130f330:
    DER with provider=base,fips=yes,input=der,structure=EncryptedPrivateKeyInfo
    REJECTED: already exists in the chain
(ctx 0x12f7d80) [0] Checking out decoder 0x130ee50:
    DER with provider=base,fips=yes,input=der,structure=SubjectPublicKeyInfo
    REJECTED: already exists in the chain
(ctx 0x12f7d80) [0] Checking out decoder 0x130f100:
    DER with provider=base,fips=yes,input=pem
    REJECTED: input type doesn't match output type
(ctx 0x12f7d80) [0] Checking out decoder 0x130f330:
    DER with provider=base,fips=yes,input=der,structure=EncryptedPrivateKeyInfo
    REJECTED: already exists in the chain
(ctx 0x12f7d80) [0] Checking out decoder 0x130ee50:
    DER with provider=base,fips=yes,input=der,structure=SubjectPublicKeyInfo
    REJECTED: already exists in the chain
(ctx 0x12f7d80) [0] Checking out decoder 0x130f100:
    DER with provider=base,fips=yes,input=pem
    REJECTED: input type doesn't match output type
(ctx 0x12f7d80) [0] Checking out decoder 0x130f330:
    DER with provider=base,fips=yes,input=der,structure=EncryptedPrivateKeyInfo
    REJECTED: already exists in the chain
(ctx 0x12f7d80) [0] Checking out decoder 0x130ee50:
    DER with provider=base,fips=yes,input=der,structure=SubjectPublicKeyInfo
    REJECTED: already exists in the chain
(ctx 0x12f7d80) [0] Checking out decoder 0x130f100:
    DER with provider=base,fips=yes,input=pem
    REJECTED: input type doesn't match output type
(ctx 0x12f7d80) [0] Checking out decoder 0x130f330:
    DER with provider=base,fips=yes,input=der,structure=EncryptedPrivateKeyInfo
    REJECTED: already exists in the chain
(ctx 0x12f7d80) [0] Checking out decoder 0x130ee50:
    DER with provider=base,fips=yes,input=der,structure=SubjectPublicKeyInfo
    REJECTED: already exists in the chain
(ctx 0x12f7d80) [0] Checking out decoder 0x130f100:
    DER with provider=base,fips=yes,input=pem
    REJECTED: input type doesn't match output type
(ctx 0x12f7d80) [0] Checking out decoder 0x130f330:
    DER with provider=base,fips=yes,input=der,structure=EncryptedPrivateKeyInfo
    REJECTED: already exists in the chain
(ctx 0x12f7d80) [0] Checking out decoder 0x130ee50:
    DER with provider=base,fips=yes,input=der,structure=SubjectPublicKeyInfo
    REJECTED: already exists in the chain
(ctx 0x12f7d80) [0] Checking out decoder 0x130f100:
    DER with provider=base,fips=yes,input=pem
    REJECTED: input type doesn't match output type
(ctx 0x12f7d80) [0] Checking out decoder 0x130f330:
    DER with provider=base,fips=yes,input=der,structure=EncryptedPrivateKeyInfo
    REJECTED: already exists in the chain
(ctx 0x12f7d80) [1] Checking out decoder 0x130ee50:
    DER with provider=base,fips=yes,input=der,structure=SubjectPublicKeyInfo
    REJECTED: already exists in the chain
(ctx 0x12f7d80) [1] Checking out decoder 0x130f100:
    DER with provider=base,fips=yes,input=pem
(ctx 0x12f7d80) Added decoder instance 0x1310710 for decoder 0x130f100
    DER with provider=base,fips=yes,input=pem
(ctx 0x12f7d80) [1] Checking out decoder 0x130f330:
    DER with provider=base,fips=yes,input=der,structure=EncryptedPrivateKeyInfo
    REJECTED: already exists in the chain
(ctx 0x12f7d80) [1] Checking out decoder 0x130ee50:
    DER with provider=base,fips=yes,input=der,structure=SubjectPublicKeyInfo
    REJECTED: already exists in the chain
(ctx 0x12f7d80) [1] Checking out decoder 0x130f100:
    DER with provider=base,fips=yes,input=pem
    REJECTED: already exists in the chain
(ctx 0x12f7d80) [1] Checking out decoder 0x130f330:
    DER with provider=base,fips=yes,input=der,structure=EncryptedPrivateKeyInfo
    REJECTED: already exists in the chain
(ctx 0x12f7d80) [1] Checking out decoder 0x130ee50:
    DER with provider=base,fips=yes,input=der,structure=SubjectPublicKeyInfo
    REJECTED: already exists in the chain
(ctx 0x12f7d80) [1] Checking out decoder 0x130f100:
    DER with provider=base,fips=yes,input=pem
    REJECTED: already exists in the chain
(ctx 0x12f7d80) [1] Checking out decoder 0x130f330:
    DER with provider=base,fips=yes,input=der,structure=EncryptedPrivateKeyInfo
    REJECTED: already exists in the chain
(ctx 0x12f7d80) [1] Checking out decoder 0x130ee50:
    DER with provider=base,fips=yes,input=der,structure=SubjectPublicKeyInfo
    REJECTED: already exists in the chain
(ctx 0x12f7d80) [1] Checking out decoder 0x130f100:
    DER with provider=base,fips=yes,input=pem
    REJECTED: already exists in the chain
(ctx 0x12f7d80) [1] Checking out decoder 0x130f330:
    DER with provider=base,fips=yes,input=der,structure=EncryptedPrivateKeyInfo
    REJECTED: already exists in the chain
(ctx 0x12f7d80) [1] Checking out decoder 0x130ee50:
    DER with provider=base,fips=yes,input=der,structure=SubjectPublicKeyInfo
    REJECTED: already exists in the chain
(ctx 0x12f7d80) [1] Checking out decoder 0x130f100:
    DER with provider=base,fips=yes,input=pem
    REJECTED: already exists in the chain
(ctx 0x12f7d80) [1] Checking out decoder 0x130f330:
    DER with provider=base,fips=yes,input=der,structure=EncryptedPrivateKeyInfo
    REJECTED: already exists in the chain
(ctx 0x12f7d80) [1] Checking out decoder 0x130ee50:
    DER with provider=base,fips=yes,input=der,structure=SubjectPublicKeyInfo
    REJECTED: already exists in the chain
(ctx 0x12f7d80) [1] Checking out decoder 0x130f100:
    DER with provider=base,fips=yes,input=pem
    REJECTED: already exists in the chain
(ctx 0x12f7d80) [1] Checking out decoder 0x130f330:
    DER with provider=base,fips=yes,input=der,structure=EncryptedPrivateKeyInfo
    REJECTED: already exists in the chain
(ctx 0x12f7d80) [1] Checking out decoder 0x130ee50:
    DER with provider=base,fips=yes,input=der,structure=SubjectPublicKeyInfo
    REJECTED: already exists in the chain
(ctx 0x12f7d80) [1] Checking out decoder 0x130f100:
    DER with provider=base,fips=yes,input=pem
    REJECTED: already exists in the chain
(ctx 0x12f7d80) [1] Checking out decoder 0x130f330:
    DER with provider=base,fips=yes,input=der,structure=EncryptedPrivateKeyInfo
    REJECTED: already exists in the chain
(ctx 0x12f7d80) [1] Checking out decoder 0x130ee50:
    DER with provider=base,fips=yes,input=der,structure=SubjectPublicKeyInfo
    REJECTED: already exists in the chain
(ctx 0x12f7d80) [1] Checking out decoder 0x130f100:
    DER with provider=base,fips=yes,input=pem
    REJECTED: already exists in the chain
(ctx 0x12f7d80) [1] Checking out decoder 0x130f330:
    DER with provider=base,fips=yes,input=der,structure=EncryptedPrivateKeyInfo
    REJECTED: already exists in the chain
(ctx 0x12f7d80) [1] Checking out decoder 0x130ee50:
    DER with provider=base,fips=yes,input=der,structure=SubjectPublicKeyInfo
    REJECTED: already exists in the chain
(ctx 0x12f7d80) [1] Checking out decoder 0x130f100:
    DER with provider=base,fips=yes,input=pem
    REJECTED: already exists in the chain
(ctx 0x12f7d80) [1] Checking out decoder 0x130f330:
    DER with provider=base,fips=yes,input=der,structure=EncryptedPrivateKeyInfo
    REJECTED: already exists in the chain
(ctx 0x12f7d80) [1] Checking out decoder 0x130ee50:
    DER with provider=base,fips=yes,input=der,structure=SubjectPublicKeyInfo
    REJECTED: already exists in the chain
(ctx 0x12f7d80) [1] Checking out decoder 0x130f100:
    DER with provider=base,fips=yes,input=pem
    REJECTED: already exists in the chain
(ctx 0x12f7d80) [1] Checking out decoder 0x130f330:
    DER with provider=base,fips=yes,input=der,structure=EncryptedPrivateKeyInfo
    REJECTED: already exists in the chain
(ctx 0x12f7d80) [1] Checking out decoder 0x130ee50:
    DER with provider=base,fips=yes,input=der,structure=SubjectPublicKeyInfo
    REJECTED: already exists in the chain
(ctx 0x12f7d80) [1] Checking out decoder 0x130f100:
    DER with provider=base,fips=yes,input=pem
    REJECTED: already exists in the chain
(ctx 0x12f7d80) [1] Checking out decoder 0x130f330:
    DER with provider=base,fips=yes,input=der,structure=EncryptedPrivateKeyInfo
    REJECTED: already exists in the chain
(ctx 0x12f7d80) [1] Checking out decoder 0x130ee50:
    DER with provider=base,fips=yes,input=der,structure=SubjectPublicKeyInfo
    REJECTED: already exists in the chain
(ctx 0x12f7d80) [1] Checking out decoder 0x130f100:
    DER with provider=base,fips=yes,input=pem
    REJECTED: already exists in the chain
(ctx 0x12f7d80) [1] Checking out decoder 0x130f330:
    DER with provider=base,fips=yes,input=der,structure=EncryptedPrivateKeyInfo
    REJECTED: already exists in the chain
(ctx 0x12f7d80) [1] Checking out decoder 0x130ee50:
    DER with provider=base,fips=yes,input=der,structure=SubjectPublicKeyInfo
    REJECTED: already exists in the chain
(ctx 0x12f7d80) [1] Checking out decoder 0x130f100:
    DER with provider=base,fips=yes,input=pem
    REJECTED: already exists in the chain
(ctx 0x12f7d80) [1] Checking out decoder 0x130f330:
    DER with provider=base,fips=yes,input=der,structure=EncryptedPrivateKeyInfo
    REJECTED: already exists in the chain
(ctx 0x12f7d80) [1] Checking out decoder 0x130ee50:
    DER with provider=base,fips=yes,input=der,structure=SubjectPublicKeyInfo
    REJECTED: already exists in the chain
(ctx 0x12f7d80) [1] Checking out decoder 0x130f100:
    DER with provider=base,fips=yes,input=pem
    REJECTED: already exists in the chain
(ctx 0x12f7d80) [1] Checking out decoder 0x130f330:
    DER with provider=base,fips=yes,input=der,structure=EncryptedPrivateKeyInfo
    REJECTED: already exists in the chain
(ctx 0x12f7d80) [1] Checking out decoder 0x130ee50:
    DER with provider=base,fips=yes,input=der,structure=SubjectPublicKeyInfo
    REJECTED: already exists in the chain
(ctx 0x12f7d80) [1] Checking out decoder 0x130f100:
    DER with provider=base,fips=yes,input=pem
    REJECTED: already exists in the chain
(ctx 0x12f7d80) [1] Checking out decoder 0x130f330:
    DER with provider=base,fips=yes,input=der,structure=EncryptedPrivateKeyInfo
    REJECTED: already exists in the chain
(ctx 0x12f7d80) [1] Checking out decoder 0x130ee50:
    DER with provider=base,fips=yes,input=der,structure=SubjectPublicKeyInfo
    REJECTED: already exists in the chain
(ctx 0x12f7d80) [1] Checking out decoder 0x130f100:
    DER with provider=base,fips=yes,input=pem
    REJECTED: already exists in the chain
(ctx 0x12f7d80) [1] Checking out decoder 0x130f330:
    DER with provider=base,fips=yes,input=der,structure=EncryptedPrivateKeyInfo
    REJECTED: already exists in the chain
(ctx 0x12f7d80) [1] Checking out decoder 0x130ee50:
    DER with provider=base,fips=yes,input=der,structure=SubjectPublicKeyInfo
    REJECTED: already exists in the chain
(ctx 0x12f7d80) [1] Checking out decoder 0x130f100:
    DER with provider=base,fips=yes,input=pem
    REJECTED: already exists in the chain
(ctx 0x12f7d80) [1] Checking out decoder 0x130f330:
    DER with provider=base,fips=yes,input=der,structure=EncryptedPrivateKeyInfo
    REJECTED: already exists in the chain
(ctx 0x12f7d80) [1] Checking out decoder 0x130ee50:
    DER with provider=base,fips=yes,input=der,structure=SubjectPublicKeyInfo
    REJECTED: already exists in the chain
(ctx 0x12f7d80) [1] Checking out decoder 0x130f100:
    DER with provider=base,fips=yes,input=pem
    REJECTED: already exists in the chain
(ctx 0x12f7d80) [1] Checking out decoder 0x130f330:
    DER with provider=base,fips=yes,input=der,structure=EncryptedPrivateKeyInfo
    REJECTED: already exists in the chain
(ctx 0x12f7d80) [1] Checking out decoder 0x130ee50:
    DER with provider=base,fips=yes,input=der,structure=SubjectPublicKeyInfo
    REJECTED: already exists in the chain
(ctx 0x12f7d80) [1] Checking out decoder 0x130f100:
    DER with provider=base,fips=yes,input=pem
    REJECTED: already exists in the chain
(ctx 0x12f7d80) [1] Checking out decoder 0x130f330:
    DER with provider=base,fips=yes,input=der,structure=EncryptedPrivateKeyInfo
    REJECTED: already exists in the chain
(ctx 0x12f7d80) [1] Checking out decoder 0x130ee50:
    DER with provider=base,fips=yes,input=der,structure=SubjectPublicKeyInfo
    REJECTED: already exists in the chain
(ctx 0x12f7d80) [1] Checking out decoder 0x130f100:
    DER with provider=base,fips=yes,input=pem
    REJECTED: already exists in the chain
(ctx 0x12f7d80) [1] Checking out decoder 0x130f330:
    DER with provider=base,fips=yes,input=der,structure=EncryptedPrivateKeyInfo
    REJECTED: already exists in the chain
(ctx 0x12f7d80) [1] Checking out decoder 0x130ee50:
    DER with provider=base,fips=yes,input=der,structure=SubjectPublicKeyInfo
    REJECTED: already exists in the chain
(ctx 0x12f7d80) [1] Checking out decoder 0x130f100:
    DER with provider=base,fips=yes,input=pem
    REJECTED: already exists in the chain
(ctx 0x12f7d80) [1] Checking out decoder 0x130f330:
    DER with provider=base,fips=yes,input=der,structure=EncryptedPrivateKeyInfo
    REJECTED: already exists in the chain
(ctx 0x12f7d80) [1] Checking out decoder 0x130ee50:
    DER with provider=base,fips=yes,input=der,structure=SubjectPublicKeyInfo
    REJECTED: already exists in the chain
(ctx 0x12f7d80) [1] Checking out decoder 0x130f100:
    DER with provider=base,fips=yes,input=pem
    REJECTED: already exists in the chain
(ctx 0x12f7d80) [1] Checking out decoder 0x130f330:
    DER with provider=base,fips=yes,input=der,structure=EncryptedPrivateKeyInfo
    REJECTED: already exists in the chain
(ctx 0x12f7d80) [1] Checking out decoder 0x130ee50:
    DER with provider=base,fips=yes,input=der,structure=SubjectPublicKeyInfo
    REJECTED: already exists in the chain
(ctx 0x12f7d80) [1] Checking out decoder 0x130f100:
    DER with provider=base,fips=yes,input=pem
    REJECTED: already exists in the chain
(ctx 0x12f7d80) [1] Checking out decoder 0x130f330:
    DER with provider=base,fips=yes,input=der,structure=EncryptedPrivateKeyInfo
    REJECTED: already exists in the chain
(ctx 0x12f7d80) [1] Checking out decoder 0x130ee50:
    DER with provider=base,fips=yes,input=der,structure=SubjectPublicKeyInfo
    REJECTED: already exists in the chain
(ctx 0x12f7d80) [1] Checking out decoder 0x130f100:
    DER with provider=base,fips=yes,input=pem
    REJECTED: already exists in the chain
(ctx 0x12f7d80) [1] Checking out decoder 0x130f330:
    DER with provider=base,fips=yes,input=der,structure=EncryptedPrivateKeyInfo
    REJECTED: already exists in the chain
(ctx 0x12f7d80) [1] Checking out decoder 0x130ee50:
    DER with provider=base,fips=yes,input=der,structure=SubjectPublicKeyInfo
    REJECTED: already exists in the chain
(ctx 0x12f7d80) [1] Checking out decoder 0x130f100:
    DER with provider=base,fips=yes,input=pem
    REJECTED: already exists in the chain
(ctx 0x12f7d80) [1] Checking out decoder 0x130f330:
    DER with provider=base,fips=yes,input=der,structure=EncryptedPrivateKeyInfo
    REJECTED: already exists in the chain
(ctx 0x12f7d80) [1] Checking out decoder 0x130ee50:
    DER with provider=base,fips=yes,input=der,structure=SubjectPublicKeyInfo
    REJECTED: already exists in the chain
(ctx 0x12f7d80) [1] Checking out decoder 0x130f100:
    DER with provider=base,fips=yes,input=pem
    REJECTED: already exists in the chain
(ctx 0x12f7d80) [1] Checking out decoder 0x130f330:
    DER with provider=base,fips=yes,input=der,structure=EncryptedPrivateKeyInfo
    REJECTED: already exists in the chain
(ctx 0x12f7d80) [1] Checking out decoder 0x130ee50:
    DER with provider=base,fips=yes,input=der,structure=SubjectPublicKeyInfo
    REJECTED: already exists in the chain
(ctx 0x12f7d80) [1] Checking out decoder 0x130f100:
    DER with provider=base,fips=yes,input=pem
    REJECTED: already exists in the chain
(ctx 0x12f7d80) [1] Checking out decoder 0x130f330:
    DER with provider=base,fips=yes,input=der,structure=EncryptedPrivateKeyInfo
    REJECTED: already exists in the chain
(ctx 0x12f7d80) [1] Checking out decoder 0x130ee50:
    DER with provider=base,fips=yes,input=der,structure=SubjectPublicKeyInfo
    REJECTED: already exists in the chain
(ctx 0x12f7d80) [1] Checking out decoder 0x130f100:
    DER with provider=base,fips=yes,input=pem
    REJECTED: already exists in the chain
(ctx 0x12f7d80) [1] Checking out decoder 0x130f330:
    DER with provider=base,fips=yes,input=der,structure=EncryptedPrivateKeyInfo
    REJECTED: already exists in the chain
(ctx 0x12f7d80) [1] Checking out decoder 0x130ee50:
    DER with provider=base,fips=yes,input=der,structure=SubjectPublicKeyInfo
    REJECTED: already exists in the chain
(ctx 0x12f7d80) [1] Checking out decoder 0x130f100:
    DER with provider=base,fips=yes,input=pem
    REJECTED: already exists in the chain
(ctx 0x12f7d80) [1] Checking out decoder 0x130f330:
    DER with provider=base,fips=yes,input=der,structure=EncryptedPrivateKeyInfo
    REJECTED: already exists in the chain
(ctx 0x12f7d80) [1] Checking out decoder 0x130ee50:
    DER with provider=base,fips=yes,input=der,structure=SubjectPublicKeyInfo
    REJECTED: already exists in the chain
(ctx 0x12f7d80) [1] Checking out decoder 0x130f100:
    DER with provider=base,fips=yes,input=pem
    REJECTED: already exists in the chain
(ctx 0x12f7d80) [1] Checking out decoder 0x130f330:
    DER with provider=base,fips=yes,input=der,structure=EncryptedPrivateKeyInfo
    REJECTED: already exists in the chain
(ctx 0x12f7d80) [0] Checking out decoder 0x130ee50:
    DER with provider=base,fips=yes,input=der,structure=SubjectPublicKeyInfo
    REJECTED: already exists in the chain
(ctx 0x12f7d80) [0] Checking out decoder 0x130f100:
    DER with provider=base,fips=yes,input=pem
    REJECTED: already exists in the chain
(ctx 0x12f7d80) [0] Checking out decoder 0x130f330:
    DER with provider=base,fips=yes,input=der,structure=EncryptedPrivateKeyInfo
    REJECTED: already exists in the chain
(ctx 0x12f7d80) [0] Checking out decoder 0x130ee50:
    DER with provider=base,fips=yes,input=der,structure=SubjectPublicKeyInfo
    REJECTED: already exists in the chain
(ctx 0x12f7d80) [0] Checking out decoder 0x130f100:
    DER with provider=base,fips=yes,input=pem
    REJECTED: already exists in the chain
(ctx 0x12f7d80) [0] Checking out decoder 0x130f330:
    DER with provider=base,fips=yes,input=der,structure=EncryptedPrivateKeyInfo
    REJECTED: already exists in the chain
(ctx 0x12f7d80) [1] Checking out decoder 0x130ee50:
    DER with provider=base,fips=yes,input=der,structure=SubjectPublicKeyInfo
    REJECTED: already exists in the chain
(ctx 0x12f7d80) [1] Checking out decoder 0x130f100:
    DER with provider=base,fips=yes,input=pem
    REJECTED: already exists in the chain
(ctx 0x12f7d80) [1] Checking out decoder 0x130f330:
    DER with provider=base,fips=yes,input=der,structure=EncryptedPrivateKeyInfo
    REJECTED: already exists in the chain
(ctx 0x12f7d80) [1] Checking out decoder 0x130ee50:
    DER with provider=base,fips=yes,input=der,structure=SubjectPublicKeyInfo
    REJECTED: already exists in the chain
(ctx 0x12f7d80) [1] Checking out decoder 0x130f100:
    DER with provider=base,fips=yes,input=pem
    REJECTED: already exists in the chain
(ctx 0x12f7d80) [1] Checking out decoder 0x130f330:
    DER with provider=base,fips=yes,input=der,structure=EncryptedPrivateKeyInfo
    REJECTED: already exists in the chain
(ctx 0x12f7d80) Got 37 decoders
[DEBUG] Calling OSSL_DECODER_from_bio.
(ctx 0x1310780) starting to walk the decoder chain
(ctx 0x1310780) > [36] Considering decoder instance 0x1311330 (decoder 0x130f100):
    DER with provider=base,fips=yes,input=pem
(ctx 0x1310780) > [36] the start input type 'DER' doesn't match the input type of the considered decoder, skipping...
(ctx 0x1310780) > [35] Considering decoder instance 0x13112e0 (decoder 0x130f330):
    DER with provider=base,fips=yes,input=der,structure=EncryptedPrivateKeyInfo
(ctx 0x1310780) > [35] Running decoder instance 0x13112e0
(ctx 0x1310780) > [35] Running decoder instance 0x13112e0 => 1 (recursed further: no, construct called: no)
(ctx 0x1310780) > [34] Considering decoder instance 0x1311290 (decoder 0x130ee50):
    DER with provider=base,fips=yes,input=der,structure=SubjectPublicKeyInfo
(ctx 0x1310780) > [34] Running decoder instance 0x1311290
(ctx 0x1310780) > [34] Running decoder instance 0x1311290 => 1 (recursed further: no, construct called: no)
(ctx 0x1310780) > [33] Considering decoder instance 0x1311240 (decoder 0x130cf00):
    ED448 with provider=base,fips=yes,input=der,structure=SubjectPublicKeyInfo
(ctx 0x1310780) > [33] Running decoder instance 0x1311240
(ctx 0x1310780) > [33] Running decoder instance 0x1311240 => 1 (recursed further: no, construct called: no)
(ctx 0x1310780) > [32] Considering decoder instance 0x13111f0 (decoder 0x130ccb0):
    ED448 with provider=base,fips=yes,input=der,structure=PrivateKeyInfo
(ctx 0x1310780) > [32] Running decoder instance 0x13111f0
(ctx 0x1310780) > [32] Running decoder instance 0x13111f0 => 1 (recursed further: no, construct called: no)
(ctx 0x1310780) > [31] Considering decoder instance 0x13111a0 (decoder 0x130cb20):
    ED25519 with provider=base,fips=yes,input=der,structure=SubjectPublicKeyInfo
(ctx 0x1310780) > [31] Running decoder instance 0x13111a0
(ctx 0x1310780) > [31] Running decoder instance 0x13111a0 => 1 (recursed further: no, construct called: no)
(ctx 0x1310780) > [30] Considering decoder instance 0x1311150 (decoder 0x130c850):
    ED25519 with provider=base,fips=yes,input=der,structure=PrivateKeyInfo
(ctx 0x1310780) > [30] Running decoder instance 0x1311150
(ctx 0x1310780) > [30] Running decoder instance 0x1311150 => 1 (recursed further: no, construct called: no)
(ctx 0x1310780) > [29] Considering decoder instance 0x1311100 (decoder 0x130d6c0):
    X448 with provider=base,fips=yes,input=der,structure=SubjectPublicKeyInfo
(ctx 0x1310780) > [29] Running decoder instance 0x1311100
(ctx 0x1310780) > [29] Running decoder instance 0x1311100 => 1 (recursed further: no, construct called: no)
(ctx 0x1310780) > [28] Considering decoder instance 0x13110b0 (decoder 0x130d470):
    X448 with provider=base,fips=yes,input=der,structure=PrivateKeyInfo
(ctx 0x1310780) > [28] Running decoder instance 0x13110b0
(ctx 0x1310780) > [28] Running decoder instance 0x13110b0 => 1 (recursed further: no, construct called: no)
(ctx 0x1310780) > [27] Considering decoder instance 0x1311060 (decoder 0x130d2e0):
    X25519 with provider=base,fips=yes,input=der,structure=SubjectPublicKeyInfo
(ctx 0x1310780) > [27] Running decoder instance 0x1311060
(ctx 0x1310780) > [27] Running decoder instance 0x1311060 => 1 (recursed further: no, construct called: no)
(ctx 0x1310780) > [26] Considering decoder instance 0x1311010 (decoder 0x130d090):
    X25519 with provider=base,fips=yes,input=der,structure=PrivateKeyInfo
(ctx 0x1310780) > [26] Running decoder instance 0x1311010
(ctx 0x1310780) > [26] Running decoder instance 0x1311010 => 1 (recursed further: no, construct called: no)
(ctx 0x1310780) > [25] Considering decoder instance 0x1310fc0 (decoder 0x130b3f0):
    DHX with provider=base,fips=yes,input=der,structure=dhx
(ctx 0x1310780) > [25] Running decoder instance 0x1310fc0
(ctx 0x1310780) > [25] Running decoder instance 0x1310fc0 => 1 (recursed further: no, construct called: no)
(ctx 0x1310780) > [24] Considering decoder instance 0x1310f70 (decoder 0x130b2b0):
    DHX with provider=base,fips=yes,input=der,structure=type-specific
(ctx 0x1310780) > [24] Running decoder instance 0x1310f70
(ctx 0x1310780) > [24] Running decoder instance 0x1310f70 => 1 (recursed further: no, construct called: no)
(ctx 0x1310780) > [23] Considering decoder instance 0x1310f20 (decoder 0x130b120):
    DHX with provider=base,fips=yes,input=der,structure=SubjectPublicKeyInfo
(ctx 0x1310780) > [23] Running decoder instance 0x1310f20
(ctx 0x1310780) > [23] Running decoder instance 0x1310f20 => 1 (recursed further: no, construct called: no)
(ctx 0x1310780) > [22] Considering decoder instance 0x1310ed0 (decoder 0x130aee0):
    DHX with provider=base,fips=yes,input=der,structure=PrivateKeyInfo
(ctx 0x1310780) > [22] Running decoder instance 0x1310ed0
(ctx 0x1310780) > [22] Running decoder instance 0x1310ed0 => 1 (recursed further: no, construct called: no)
(ctx 0x1310780) > [21] Considering decoder instance 0x1310e80 (decoder 0x130ea50):
    RSA-PSS with provider=base,fips=yes,input=der,structure=SubjectPublicKeyInfo
(ctx 0x1310780) > [21] Running decoder instance 0x1310e80
(ctx 0x1310780) > [21] Running decoder instance 0x1310e80 => 1 (recursed further: no, construct called: no)
(ctx 0x1310780) > [20] Considering decoder instance 0x1310e30 (decoder 0x130b4e0):
    RSA-PSS with provider=base,fips=yes,input=der,structure=PrivateKeyInfo
(ctx 0x1310780) > [20] Running decoder instance 0x1310e30
(ctx 0x1310780) > [20] Running decoder instance 0x1310e30 => 1 (recursed further: no, construct called: no)
(ctx 0x1310780) > [19] Considering decoder instance 0x1310de0 (decoder 0x130c5e0):
    EC with provider=base,fips=yes,input=der,structure=ec
(ctx 0x1310780) > [19] Running decoder instance 0x1310de0
(ctx 0x1310780) > [19] Running decoder instance 0x1310de0 => 1 (recursed further: no, construct called: no)
(ctx 0x1310780) > [18] Considering decoder instance 0x1310d90 (decoder 0x130c4a0):
    EC with provider=base,fips=yes,input=der,structure=type-specific
(ctx 0x1310780) > [18] Running decoder instance 0x1310d90
(ctx 0x1310780) > [18] Running decoder instance 0x1310d90 => 1 (recursed further: no, construct called: no)
(ctx 0x1310780) > [17] Considering decoder instance 0x1310d40 (decoder 0x130c310):
    EC with provider=base,fips=yes,input=der,structure=SubjectPublicKeyInfo
(ctx 0x1310780) > [17] Running decoder instance 0x1310d40
(ctx 0x1310780) > [17] Running decoder instance 0x1310d40 => 1 (recursed further: no, construct called: no)
(ctx 0x1310780) > [16] Considering decoder instance 0x1310cf0 (decoder 0x130c0b0):
    EC with provider=base,fips=yes,input=der,structure=PrivateKeyInfo
(ctx 0x1310780) > [16] Running decoder instance 0x1310cf0
(ctx 0x1310780) > [16] Running decoder instance 0x1310cf0 => 1 (recursed further: no, construct called: no)
(ctx 0x1310780) > [15] Considering decoder instance 0x1310ca0 (decoder 0x130bfb0):
    DSA with provider=base,fips=yes,input=pvk
(ctx 0x1310780) > [15] the start input type 'DER' doesn't match the input type of the considered decoder, skipping...
(ctx 0x1310780) > [14] Considering decoder instance 0x1310c50 (decoder 0x130be10):
    DSA with provider=base,fips=yes,input=msblob
(ctx 0x1310780) > [14] the start input type 'DER' doesn't match the input type of the considered decoder, skipping...
(ctx 0x1310780) > [13] Considering decoder instance 0x1310c00 (decoder 0x130bba0):
    DSA with provider=base,fips=yes,input=der,structure=dsa
(ctx 0x1310780) > [13] Running decoder instance 0x1310c00
(ctx 0x1310780) > [13] Running decoder instance 0x1310c00 => 1 (recursed further: no, construct called: no)
(ctx 0x1310780) > [12] Considering decoder instance 0x1310bb0 (decoder 0x130ba60):
    DSA with provider=base,fips=yes,input=der,structure=type-specific
(ctx 0x1310780) > [12] Running decoder instance 0x1310bb0
(ctx 0x1310780) > [12] Running decoder instance 0x1310bb0 => 1 (recursed further: no, construct called: no)
(ctx 0x1310780) > [11] Considering decoder instance 0x1310b60 (decoder 0x130b8d0):
    DSA with provider=base,fips=yes,input=der,structure=SubjectPublicKeyInfo
(ctx 0x1310780) > [11] Running decoder instance 0x1310b60
(ctx 0x1310780) > [11] Running decoder instance 0x1310b60 => 1 (recursed further: no, construct called: no)
(ctx 0x1310780) > [10] Considering decoder instance 0x1310b10 (decoder 0x130b690):
    DSA with provider=base,fips=yes,input=der,structure=PrivateKeyInfo
(ctx 0x1310780) > [10] Running decoder instance 0x1310b10
(ctx 0x1310780) > [10] Running decoder instance 0x1310b10 => 1 (recursed further: no, construct called: no)
(ctx 0x1310780) > [9] Considering decoder instance 0x1310ac0 (decoder 0x130ac80):
    DH with provider=base,fips=yes,input=der,structure=dh
(ctx 0x1310780) > [9] Running decoder instance 0x1310ac0
(ctx 0x1310780) > [9] Running decoder instance 0x1310ac0 => 1 (recursed further: no, construct called: no)
(ctx 0x1310780) > [8] Considering decoder instance 0x1310a70 (decoder 0x130ab40):
    DH with provider=base,fips=yes,input=der,structure=type-specific
(ctx 0x1310780) > [8] Running decoder instance 0x1310a70
(ctx 0x1310780) > [8] Running decoder instance 0x1310a70 => 1 (recursed further: no, construct called: no)
(ctx 0x1310780) > [7] Considering decoder instance 0x1310a20 (decoder 0x130a930):
    DH with provider=base,fips=yes,input=der,structure=SubjectPublicKeyInfo
(ctx 0x1310780) > [7] Running decoder instance 0x1310a20
(ctx 0x1310780) > [7] Running decoder instance 0x1310a20 => 1 (recursed further: no, construct called: no)
(ctx 0x1310780) > [6] Considering decoder instance 0x13109d0 (decoder 0x130a430):
    DH with provider=base,fips=yes,input=der,structure=PrivateKeyInfo
(ctx 0x1310780) > [6] Running decoder instance 0x13109d0
(ctx 0x1310780) > [6] Running decoder instance 0x13109d0 => 1 (recursed further: no, construct called: no)
(ctx 0x1310780) > [5] Considering decoder instance 0x1310980 (decoder 0x130ed30):
    RSA with provider=base,fips=yes,input=pvk
(ctx 0x1310780) > [5] the start input type 'DER' doesn't match the input type of the considered decoder, skipping...
(ctx 0x1310780) > [4] Considering decoder instance 0x1310930 (decoder 0x130ebe0):
    RSA with provider=base,fips=yes,input=msblob
(ctx 0x1310780) > [4] the start input type 'DER' doesn't match the input type of the considered decoder, skipping...
(ctx 0x1310780) > [3] Considering decoder instance 0x13108e0 (decoder 0x130e560):
    RSA with provider=base,fips=yes,input=der,structure=rsa
(ctx 0x1310780) > [3] Running decoder instance 0x13108e0
(ctx 0x1310780) > [3] Running decoder instance 0x13108e0 => 1 (recursed further: no, construct called: no)
(ctx 0x1310780) > [2] Considering decoder instance 0x1310890 (decoder 0x130e420):
    RSA with provider=base,fips=yes,input=der,structure=type-specific
(ctx 0x1310780) > [2] Running decoder instance 0x1310890
(ctx 0x1310780) > [2] Running decoder instance 0x1310890 => 1 (recursed further: no, construct called: no)
(ctx 0x1310780) > [1] Considering decoder instance 0x1310840 (decoder 0x130e290):
    RSA with provider=base,fips=yes,input=der,structure=SubjectPublicKeyInfo
(ctx 0x1310780) > [1] Running decoder instance 0x1310840
(ctx 0x1310780) > [1] Running decoder instance 0x1310840 => 1 (recursed further: no, construct called: no)
(ctx 0x1310780) > [0] Considering decoder instance 0x13107f0 (decoder 0x130e050):
    RSA with provider=base,fips=yes,input=der,structure=PrivateKeyInfo
(ctx 0x1310780) > [0] Running decoder instance 0x13107f0
(ctx 0x1310780) > [0] Running decoder instance 0x13107f0 => 1 (recursed further: no, construct called: no)
[DEBUG] Calling OSSL_DECODER_CTX_set_selection with PEM and EVP_PKEY_KEYPAIR.
[DEBUG] Calling OSSL_DECODER_from_bio PEM.
(ctx 0x1310780) starting to walk the decoder chain
(ctx 0x1310780) > [36] Considering decoder instance 0x1311330 (decoder 0x130f100):
    DER with provider=base,fips=yes,input=pem
(ctx 0x1310780) > [36] Running decoder instance 0x1311330
(ctx 0x1310780) >> Running constructor
(ctx 0x1310780) >> Running constructor => 0
(ctx 0x1310780) >> incoming from previous decoder (0x130f100):
    data type: <NULL>, data structure: PrivateKeyInfo
(ctx 0x1310780) >> [35] Considering decoder instance 0x13112e0 (decoder 0x130f330):
    DER with provider=base,fips=yes,input=der,structure=EncryptedPrivateKeyInfo
(ctx 0x1310780) >> [35] the previous decoder's data structure doesn't match the input structure of the considered decoder, skipping...
(ctx 0x1310780) >> [34] Considering decoder instance 0x1311290 (decoder 0x130ee50):
    DER with provider=base,fips=yes,input=der,structure=SubjectPublicKeyInfo
(ctx 0x1310780) >> [34] the previous decoder's data structure doesn't match the input structure of the considered decoder, skipping...
(ctx 0x1310780) >> [33] Considering decoder instance 0x1311240 (decoder 0x130cf00):
    ED448 with provider=base,fips=yes,input=der,structure=SubjectPublicKeyInfo
(ctx 0x1310780) >> [33] the previous decoder's data structure doesn't match the input structure of the considered decoder, skipping...
(ctx 0x1310780) >> [32] Considering decoder instance 0x13111f0 (decoder 0x130ccb0):
    ED448 with provider=base,fips=yes,input=der,structure=PrivateKeyInfo
(ctx 0x1310780) >> [32] Running decoder instance 0x13111f0
(ctx 0x1310780) >> [32] Running decoder instance 0x13111f0 => 1 (recursed further: no, construct called: no)
(ctx 0x1310780) >> [31] Considering decoder instance 0x13111a0 (decoder 0x130cb20):
    ED25519 with provider=base,fips=yes,input=der,structure=SubjectPublicKeyInfo
(ctx 0x1310780) >> [31] the previous decoder's data structure doesn't match the input structure of the considered decoder, skipping...
(ctx 0x1310780) >> [30] Considering decoder instance 0x1311150 (decoder 0x130c850):
    ED25519 with provider=base,fips=yes,input=der,structure=PrivateKeyInfo
(ctx 0x1310780) >> [30] Running decoder instance 0x1311150
(ctx 0x1310780) >> [30] Running decoder instance 0x1311150 => 1 (recursed further: no, construct called: no)
(ctx 0x1310780) >> [29] Considering decoder instance 0x1311100 (decoder 0x130d6c0):
    X448 with provider=base,fips=yes,input=der,structure=SubjectPublicKeyInfo
(ctx 0x1310780) >> [29] the previous decoder's data structure doesn't match the input structure of the considered decoder, skipping...
(ctx 0x1310780) >> [28] Considering decoder instance 0x13110b0 (decoder 0x130d470):
    X448 with provider=base,fips=yes,input=der,structure=PrivateKeyInfo
(ctx 0x1310780) >> [28] Running decoder instance 0x13110b0
(ctx 0x1310780) >> [28] Running decoder instance 0x13110b0 => 1 (recursed further: no, construct called: no)
(ctx 0x1310780) >> [27] Considering decoder instance 0x1311060 (decoder 0x130d2e0):
    X25519 with provider=base,fips=yes,input=der,structure=SubjectPublicKeyInfo
(ctx 0x1310780) >> [27] the previous decoder's data structure doesn't match the input structure of the considered decoder, skipping...
(ctx 0x1310780) >> [26] Considering decoder instance 0x1311010 (decoder 0x130d090):
    X25519 with provider=base,fips=yes,input=der,structure=PrivateKeyInfo
(ctx 0x1310780) >> [26] Running decoder instance 0x1311010
(ctx 0x1310780) >> [26] Running decoder instance 0x1311010 => 1 (recursed further: no, construct called: no)
(ctx 0x1310780) >> [25] Considering decoder instance 0x1310fc0 (decoder 0x130b3f0):
    DHX with provider=base,fips=yes,input=der,structure=dhx
(ctx 0x1310780) >> [25] the previous decoder's data structure doesn't match the input structure of the considered decoder, skipping...
(ctx 0x1310780) >> [24] Considering decoder instance 0x1310f70 (decoder 0x130b2b0):
    DHX with provider=base,fips=yes,input=der,structure=type-specific
(ctx 0x1310780) >> [24] the previous decoder's data structure doesn't match the input structure of the considered decoder, skipping...
(ctx 0x1310780) >> [23] Considering decoder instance 0x1310f20 (decoder 0x130b120):
    DHX with provider=base,fips=yes,input=der,structure=SubjectPublicKeyInfo
(ctx 0x1310780) >> [23] the previous decoder's data structure doesn't match the input structure of the considered decoder, skipping...
(ctx 0x1310780) >> [22] Considering decoder instance 0x1310ed0 (decoder 0x130aee0):
    DHX with provider=base,fips=yes,input=der,structure=PrivateKeyInfo
(ctx 0x1310780) >> [22] Running decoder instance 0x1310ed0
(ctx 0x1310780) >> [22] Running decoder instance 0x1310ed0 => 1 (recursed further: no, construct called: no)
(ctx 0x1310780) >> [21] Considering decoder instance 0x1310e80 (decoder 0x130ea50):
    RSA-PSS with provider=base,fips=yes,input=der,structure=SubjectPublicKeyInfo
(ctx 0x1310780) >> [21] the previous decoder's data structure doesn't match the input structure of the considered decoder, skipping...
(ctx 0x1310780) >> [20] Considering decoder instance 0x1310e30 (decoder 0x130b4e0):
    RSA-PSS with provider=base,fips=yes,input=der,structure=PrivateKeyInfo
(ctx 0x1310780) >> [20] Running decoder instance 0x1310e30
(ctx 0x1310780) >> [20] Running decoder instance 0x1310e30 => 1 (recursed further: no, construct called: no)
(ctx 0x1310780) >> [19] Considering decoder instance 0x1310de0 (decoder 0x130c5e0):
    EC with provider=base,fips=yes,input=der,structure=ec
(ctx 0x1310780) >> [19] the previous decoder's data structure doesn't match the input structure of the considered decoder, skipping...
(ctx 0x1310780) >> [18] Considering decoder instance 0x1310d90 (decoder 0x130c4a0):
    EC with provider=base,fips=yes,input=der,structure=type-specific
(ctx 0x1310780) >> [18] the previous decoder's data structure doesn't match the input structure of the considered decoder, skipping...
(ctx 0x1310780) >> [17] Considering decoder instance 0x1310d40 (decoder 0x130c310):
    EC with provider=base,fips=yes,input=der,structure=SubjectPublicKeyInfo
(ctx 0x1310780) >> [17] the previous decoder's data structure doesn't match the input structure of the considered decoder, skipping...
(ctx 0x1310780) >> [16] Considering decoder instance 0x1310cf0 (decoder 0x130c0b0):
    EC with provider=base,fips=yes,input=der,structure=PrivateKeyInfo
(ctx 0x1310780) >> [16] Running decoder instance 0x1310cf0
(ctx 0x1310780) >> [16] Running decoder instance 0x1310cf0 => 1 (recursed further: no, construct called: no)
(ctx 0x1310780) >> [15] Considering decoder instance 0x1310ca0 (decoder 0x130bfb0):
    DSA with provider=base,fips=yes,input=pvk
(ctx 0x1310780) >> [15] the input type doesn't match the name of the previous decoder (0x130f100), skipping...
(ctx 0x1310780) >> [14] Considering decoder instance 0x1310c50 (decoder 0x130be10):
    DSA with provider=base,fips=yes,input=msblob
(ctx 0x1310780) >> [14] the input type doesn't match the name of the previous decoder (0x130f100), skipping...
(ctx 0x1310780) >> [13] Considering decoder instance 0x1310c00 (decoder 0x130bba0):
    DSA with provider=base,fips=yes,input=der,structure=dsa
(ctx 0x1310780) >> [13] the previous decoder's data structure doesn't match the input structure of the considered decoder, skipping...
(ctx 0x1310780) >> [12] Considering decoder instance 0x1310bb0 (decoder 0x130ba60):
    DSA with provider=base,fips=yes,input=der,structure=type-specific
(ctx 0x1310780) >> [12] the previous decoder's data structure doesn't match the input structure of the considered decoder, skipping...
(ctx 0x1310780) >> [11] Considering decoder instance 0x1310b60 (decoder 0x130b8d0):
    DSA with provider=base,fips=yes,input=der,structure=SubjectPublicKeyInfo
(ctx 0x1310780) >> [11] the previous decoder's data structure doesn't match the input structure of the considered decoder, skipping...
(ctx 0x1310780) >> [10] Considering decoder instance 0x1310b10 (decoder 0x130b690):
    DSA with provider=base,fips=yes,input=der,structure=PrivateKeyInfo
(ctx 0x1310780) >> [10] Running decoder instance 0x1310b10
(ctx 0x1310780) >> [10] Running decoder instance 0x1310b10 => 1 (recursed further: no, construct called: no)
(ctx 0x1310780) >> [9] Considering decoder instance 0x1310ac0 (decoder 0x130ac80):
    DH with provider=base,fips=yes,input=der,structure=dh
(ctx 0x1310780) >> [9] the previous decoder's data structure doesn't match the input structure of the considered decoder, skipping...
(ctx 0x1310780) >> [8] Considering decoder instance 0x1310a70 (decoder 0x130ab40):
    DH with provider=base,fips=yes,input=der,structure=type-specific
(ctx 0x1310780) >> [8] the previous decoder's data structure doesn't match the input structure of the considered decoder, skipping...
(ctx 0x1310780) >> [7] Considering decoder instance 0x1310a20 (decoder 0x130a930):
    DH with provider=base,fips=yes,input=der,structure=SubjectPublicKeyInfo
(ctx 0x1310780) >> [7] the previous decoder's data structure doesn't match the input structure of the considered decoder, skipping...
(ctx 0x1310780) >> [6] Considering decoder instance 0x13109d0 (decoder 0x130a430):
    DH with provider=base,fips=yes,input=der,structure=PrivateKeyInfo
(ctx 0x1310780) >> [6] Running decoder instance 0x13109d0
(ctx 0x1310780) >> [6] Running decoder instance 0x13109d0 => 1 (recursed further: no, construct called: no)
(ctx 0x1310780) >> [5] Considering decoder instance 0x1310980 (decoder 0x130ed30):
    RSA with provider=base,fips=yes,input=pvk
(ctx 0x1310780) >> [5] the input type doesn't match the name of the previous decoder (0x130f100), skipping...
(ctx 0x1310780) >> [4] Considering decoder instance 0x1310930 (decoder 0x130ebe0):
    RSA with provider=base,fips=yes,input=msblob
(ctx 0x1310780) >> [4] the input type doesn't match the name of the previous decoder (0x130f100), skipping...
(ctx 0x1310780) >> [3] Considering decoder instance 0x13108e0 (decoder 0x130e560):
    RSA with provider=base,fips=yes,input=der,structure=rsa
(ctx 0x1310780) >> [3] the previous decoder's data structure doesn't match the input structure of the considered decoder, skipping...
(ctx 0x1310780) >> [2] Considering decoder instance 0x1310890 (decoder 0x130e420):
    RSA with provider=base,fips=yes,input=der,structure=type-specific
(ctx 0x1310780) >> [2] the previous decoder's data structure doesn't match the input structure of the considered decoder, skipping...
(ctx 0x1310780) >> [1] Considering decoder instance 0x1310840 (decoder 0x130e290):
    RSA with provider=base,fips=yes,input=der,structure=SubjectPublicKeyInfo
(ctx 0x1310780) >> [1] the previous decoder's data structure doesn't match the input structure of the considered decoder, skipping...
(ctx 0x1310780) >> [0] Considering decoder instance 0x13107f0 (decoder 0x130e050):
    RSA with provider=base,fips=yes,input=der,structure=PrivateKeyInfo
(ctx 0x1310780) >> [0] Running decoder instance 0x13107f0
(ctx 0x1310780) >>> Running constructor
(ctx 0x1310780) >>> Running constructor => 0
(ctx 0x1310780) >> [0] Running decoder instance 0x13107f0 => 0 (recursed further: yes, construct called: yes)
(ctx 0x1310780) > [36] Running decoder instance 0x1311330 => 0 (recursed further: yes, construct called: yes)
[DEBUG] BIO_eof.
[DEBUG] Could not parse a PKey
